<?xml version="1.0" encoding="UTF-8"?>
<testng-results ignored="0" total="1" passed="1" failed="0" skipped="0">
  <reporter-output>
  </reporter-output>
  <suite started-at="2021-11-27T16:43:38 EET" name="Default suite" finished-at="2021-11-27T16:44:22 EET" duration-ms="44364">
    <groups>
    </groups>
    <test started-at="2021-11-27T16:43:38 EET" name="Default test" finished-at="2021-11-27T16:44:22 EET" duration-ms="44364">
      <class name="com.syarah.syarah.FinanceOrder">
        <test-method is-config="true" signature="start()[pri:0, instance:com.syarah.syarah.FinanceOrder@358ee631]" started-at="2021-11-27T16:43:38 EET" name="start" finished-at="2021-11-27T16:43:42 EET" duration-ms="4641" status="PASS">
          <reporter-output>
          </reporter-output>
        </test-method> <!-- start -->
        <test-method signature="finance_order()[pri:0, instance:com.syarah.syarah.FinanceOrder@358ee631]" started-at="2021-11-27T16:43:42 EET" name="finance_order" finished-at="2021-11-27T16:44:22 EET" duration-ms="39633" status="PASS">
          <reporter-output>
          </reporter-output>
        </test-method> <!-- finance_order -->
        <test-method is-config="true" signature="end()[pri:0, instance:com.syarah.syarah.FinanceOrder@358ee631]" started-at="2021-11-27T16:44:22 EET" name="end" finished-at="2021-11-27T16:44:22 EET" duration-ms="70" status="PASS">
          <reporter-output>
          </reporter-output>
        </test-method> <!-- end -->
      </class> <!-- com.syarah.syarah.FinanceOrder -->
    </test> <!-- Default test -->
  </suite> <!-- Default suite -->
</testng-results>
